<?xml version="1.0" encoding="UTF-8"?>
<testng-results skipped="0" failed="0" total="2" passed="2">
  <reporter-output>
    <line>
      <![CDATA[Registration Verified]]>
    </line>
    <line>
      <![CDATA[Test Passed:)]]>
    </line>
    <line>
      <![CDATA[Registration]]>
    </line>
    <line>
      <![CDATA[Test Passed:)]]>
    </line>
  </reporter-output>
  <suite name="Default suite" duration-ms="73394" started-at="2020-07-24T07:12:42Z" finished-at="2020-07-24T07:13:56Z">
    <groups>
    </groups>
    <test name="Default test" duration-ms="73394" started-at="2020-07-24T07:12:42Z" finished-at="2020-07-24T07:13:56Z">
      <class name="com.coal.testscript.RegistrationTest">
        <test-method status="PASS" signature="setUp()[pri:0, instance:com.coal.testscript.RegistrationTest@15761df8]" name="setUp" is-config="true" duration-ms="12187" started-at="2020-07-24T12:42:42Z" finished-at="2020-07-24T12:42:55Z">
          <reporter-output>
          </reporter-output>
        </test-method> <!-- setUp -->
        <test-method status="PASS" signature="ValidRegistrationTest()[pri:1, instance:com.coal.testscript.RegistrationTest@15761df8]" name="ValidRegistrationTest" duration-ms="26752" started-at="2020-07-24T12:42:55Z" finished-at="2020-07-24T12:43:21Z">
          <reporter-output>
            <line>
              <![CDATA[Registration Verified]]>
            </line>
          </reporter-output>
        </test-method> <!-- ValidRegistrationTest -->
        <test-method status="PASS" signature="tearDown(org.testng.ITestResult)[pri:0, instance:com.coal.testscript.RegistrationTest@15761df8]" name="tearDown" is-config="true" duration-ms="2" started-at="2020-07-24T12:43:21Z" finished-at="2020-07-24T12:43:21Z">
          <params>
            <param index="0">
              <value>
                <![CDATA[[TestResult name=ValidRegistrationTest status=SUCCESS method=RegistrationTest.ValidRegistrationTest()[pri:1, instance:com.coal.testscript.RegistrationTest@15761df8] output=Registration Verified]]]>
              </value>
            </param>
          </params>
          <reporter-output>
            <line>
              <![CDATA[Test Passed:)]]>
            </line>
          </reporter-output>
        </test-method> <!-- tearDown -->
        <test-method status="PASS" signature="setUp()[pri:0, instance:com.coal.testscript.RegistrationTest@15761df8]" name="setUp" is-config="true" duration-ms="13619" started-at="2020-07-24T12:43:21Z" finished-at="2020-07-24T12:43:35Z">
          <reporter-output>
          </reporter-output>
        </test-method> <!-- setUp -->
        <test-method status="PASS" signature="InvalidRegistrationTest()[pri:2, instance:com.coal.testscript.RegistrationTest@15761df8]" name="InvalidRegistrationTest" duration-ms="20803" started-at="2020-07-24T12:43:35Z" finished-at="2020-07-24T12:43:56Z">
          <reporter-output>
            <line>
              <![CDATA[Registration]]>
            </line>
          </reporter-output>
        </test-method> <!-- InvalidRegistrationTest -->
        <test-method status="PASS" signature="tearDown(org.testng.ITestResult)[pri:0, instance:com.coal.testscript.RegistrationTest@15761df8]" name="tearDown" is-config="true" duration-ms="0" started-at="2020-07-24T12:43:56Z" finished-at="2020-07-24T12:43:56Z">
          <params>
            <param index="0">
              <value>
                <![CDATA[[TestResult name=InvalidRegistrationTest status=SUCCESS method=RegistrationTest.InvalidRegistrationTest()[pri:2, instance:com.coal.testscript.RegistrationTest@15761df8] output=Registration]]]>
              </value>
            </param>
          </params>
          <reporter-output>
            <line>
              <![CDATA[Test Passed:)]]>
            </line>
          </reporter-output>
        </test-method> <!-- tearDown -->
      </class> <!-- com.coal.testscript.RegistrationTest -->
    </test> <!-- Default test -->
  </suite> <!-- Default suite -->
</testng-results>
